
=================================================== keil-build-viewer v1.5b ==================================================
 
[Search keil project] 1 item(s)
	E:\01_LX\06_ec_s100_watch\ec_s100_watch1\03_Firmware\00_Bootloader\MDK-ARM\Bootloader.uvprojx

[User input] 
[Current folder] E:\01_LX\06_ec_s100_watch\ec_s100_watch1\03_Firmware\00_Bootloader\MDK-ARM
[Encoding] 936
[Keil project path] E:\01_LX\06_ec_s100_watch\ec_s100_watch1\03_Firmware\00_Bootloader\MDK-ARM\Bootloader.uvprojx
[Keil project name] Bootloader.uvprojx
[Is keil v4] 0
[target name] STM32F4x1
[final target name] STM32F4x1

[Device] STM32F411CEUx
[Target name] 
[Output name] Bootloader
[Output path] .\Objects\
[Listing path] .\Listings\
[Is has pack] 1
[Is enbale LTO] 0
[Is has user library] 0
[Is custom scatter file] 1

[Bootloader.uvprojx]  [STM32F4x1]  [STM32F411CEUx]
 
[memory info]
[name] IRAM [base addr] 0x20000000 [size] 0x00020000 [type] 1 [off-chip] 0 [is pack] 1 [ID] 2 
[name] IROM [base addr] 0x08000000 [size] 0x00080000 [type] 2 [off-chip] 0 [is pack] 1 [ID] 3 


[map file path] E:\01_LX\06_ec_s100_watch\ec_s100_watch1\03_Firmware\00_Bootloader\MDK-ARM\Listings\Bootloader.map

[region info]
[load region] LR_IROM1
	[execution region] ER_IROM1, 0x08000000, 0x00080000, 0x00007B28 [memory type] 2 [memory ID] 3

	[execution region] RW_IRAM1, 0x20000000, 0x0001FFF0, 0x00005A58 [memory type] 1 [memory ID] 2
		[ZI block] addr: 0x200000A0, size: 0x000059B8 (22968)

	[execution region] MYRAM, 0x2001FFF0, 0x0000000F, 0x00000004 [memory type] 1 [memory ID] 2
		[ZI block] addr: 0x2001FFF0, size: 0x00000004 (4)


[object name max length] 25
[object path max length] 67

[object in map file]
[object name] aes.o                      [path] ..\Middlewares\AES\AES.c
[object name] boot_manager.o             [path] ..\Tasks\Boot_Manager\Boot_Manager.c
[object name] common.o                   [path] ..\Middlewares\Ymodem\common.c
[object name] debug.o                    [path] ..\Tasks\Debug\Debug.c
[object name] elog.o                     [path] ..\Middlewares\easylogger\src\elog.c
[object name] elog_port.o                [path] ..\Middlewares\easylogger\port\elog_port.c
[object name] elog_utils.o               [path] ..\Middlewares\easylogger\src\elog_utils.c
[object name] flash.o                    [path] ..\Core\Src\Flash.c
[object name] gpio.o                     [path] ..\Core\Src\Gpio.c
[object name] iwdg.o                     [path] ..\Core\Src\Iwdg.c
[object name] keros_aes_manager.o        [path] ..\Bsp\Keros\keros_aes_manager.c
[object name] keros_i2c_interface.o      [path] ..\Bsp\Keros\keros_i2c_interface.c
[object name] keros_interface.o          [path] ..\Bsp\Keros\keros_interface.c
[object name] main.o                     [path] ..\Core\Src\main.c
[object name] misc.o                     [path] ..\Drivers\STM32F4xx_StdPeriph_Driver\src\misc.c
[object name] segger_rtt.o               [path] ..\Middlewares\Rtt\SEGGER_RTT.c
[object name] segger_rtt_printf.o        [path] ..\Middlewares\Rtt\SEGGER_RTT_printf.c
[object name] spi.o                      [path] ..\Core\Src\Spi.c
[object name] startup_stm32f411xe.o      [path] .\startup_stm32f411xe.s
[object name] stm32f4xx_flash.o          [path] ..\Drivers\STM32F4xx_StdPeriph_Driver\src\stm32f4xx_flash.c
[object name] stm32f4xx_gpio.o           [path] ..\Drivers\STM32F4xx_StdPeriph_Driver\src\stm32f4xx_gpio.c
[object name] stm32f4xx_it.o             [path] ..\Core\Src\stm32f4xx_it.c
[object name] stm32f4xx_iwdg.o           [path] ..\Drivers\STM32F4xx_StdPeriph_Driver\src\stm32f4xx_iwdg.c
[object name] stm32f4xx_rcc.o            [path] ..\Drivers\STM32F4xx_StdPeriph_Driver\src\stm32f4xx_rcc.c
[object name] stm32f4xx_spi.o            [path] ..\Drivers\STM32F4xx_StdPeriph_Driver\src\stm32f4xx_spi.c
[object name] stm32f4xx_tim.o            [path] ..\Drivers\STM32F4xx_StdPeriph_Driver\src\stm32f4xx_tim.c
[object name] stm32f4xx_usart.o          [path] ..\Drivers\STM32F4xx_StdPeriph_Driver\src\stm32f4xx_usart.c
[object name] system_stm32f4xx.o         [path] ..\Core\Src\system_stm32f4xx.c
[object name] tim.o                      [path] ..\Core\Src\tim.c
[object name] usart.o                    [path] ..\Core\Src\Usart.c
[object name] w25qxx.o                   [path] ..\Bsp\W25Qxx\w25qxx.c
[object name] w25qxx_handler.o           [path] ..\Bsp\W25Qxx\w25qxx_Handler.c
[object name] ymodem.o                   [path] ..\Middlewares\Ymodem\ymodem.c

[file path in keil project]
[old name] main.c                     [type] 1   [path] ..\Core\Src\main.c
[old name] tim.c                      [type] 1   [path] ..\Core\Src\tim.c
[old name] stm32f4xx_it.c             [type] 1   [path] ..\Core\Src\stm32f4xx_it.c
[old name] Gpio.c                     [type] 1   [path] ..\Core\Src\Gpio.c
[old name] Usart.c                    [type] 1   [path] ..\Core\Src\Usart.c
[old name] Flash.c                    [type] 1   [path] ..\Core\Src\Flash.c
[old name] Spi.c                      [type] 1   [path] ..\Core\Src\Spi.c
[old name] Iwdg.c                     [type] 1   [path] ..\Core\Src\Iwdg.c
[old name] startup_stm32f411xe.s      [type] 1   [path] .\startup_stm32f411xe.s
[old name] system_stm32f4xx.c         [type] 1   [path] ..\Core\Src\system_stm32f4xx.c
[old name] misc.c                     [type] 1   [path] ..\Drivers\STM32F4xx_StdPeriph_Driver\src\misc.c
[old name] stm32f4xx_adc.c            [type] 1   [path] ..\Drivers\STM32F4xx_StdPeriph_Driver\src\stm32f4xx_adc.c
[old name] stm32f4xx_crc.c            [type] 1   [path] ..\Drivers\STM32F4xx_StdPeriph_Driver\src\stm32f4xx_crc.c
[old name] stm32f4xx_cryp.c           [type] 1   [path] ..\Drivers\STM32F4xx_StdPeriph_Driver\src\stm32f4xx_cryp.c
[old name] stm32f4xx_cryp_aes.c       [type] 1   [path] ..\Drivers\STM32F4xx_StdPeriph_Driver\src\stm32f4xx_cryp_aes.c
[old name] stm32f4xx_cryp_des.c       [type] 1   [path] ..\Drivers\STM32F4xx_StdPeriph_Driver\src\stm32f4xx_cryp_des.c
[old name] stm32f4xx_cryp_tdes.c      [type] 1   [path] ..\Drivers\STM32F4xx_StdPeriph_Driver\src\stm32f4xx_cryp_tdes.c
[old name] stm32f4xx_dac.c            [type] 1   [path] ..\Drivers\STM32F4xx_StdPeriph_Driver\src\stm32f4xx_dac.c
[old name] stm32f4xx_dbgmcu.c         [type] 1   [path] ..\Drivers\STM32F4xx_StdPeriph_Driver\src\stm32f4xx_dbgmcu.c
[old name] stm32f4xx_dma.c            [type] 1   [path] ..\Drivers\STM32F4xx_StdPeriph_Driver\src\stm32f4xx_dma.c
[old name] stm32f4xx_exti.c           [type] 1   [path] ..\Drivers\STM32F4xx_StdPeriph_Driver\src\stm32f4xx_exti.c
[old name] stm32f4xx_flash.c          [type] 1   [path] ..\Drivers\STM32F4xx_StdPeriph_Driver\src\stm32f4xx_flash.c
[old name] stm32f4xx_flash_ramfunc.c  [type] 1   [path] ..\Drivers\STM32F4xx_StdPeriph_Driver\src\stm32f4xx_flash_ramfunc.c
[old name] stm32f4xx_gpio.c           [type] 1   [path] ..\Drivers\STM32F4xx_StdPeriph_Driver\src\stm32f4xx_gpio.c
[old name] stm32f4xx_i2c.c            [type] 1   [path] ..\Drivers\STM32F4xx_StdPeriph_Driver\src\stm32f4xx_i2c.c
[old name] stm32f4xx_iwdg.c           [type] 1   [path] ..\Drivers\STM32F4xx_StdPeriph_Driver\src\stm32f4xx_iwdg.c
[old name] stm32f4xx_pwr.c            [type] 1   [path] ..\Drivers\STM32F4xx_StdPeriph_Driver\src\stm32f4xx_pwr.c
[old name] stm32f4xx_rcc.c            [type] 1   [path] ..\Drivers\STM32F4xx_StdPeriph_Driver\src\stm32f4xx_rcc.c
[old name] stm32f4xx_rtc.c            [type] 1   [path] ..\Drivers\STM32F4xx_StdPeriph_Driver\src\stm32f4xx_rtc.c
[old name] stm32f4xx_sdio.c           [type] 1   [path] ..\Drivers\STM32F4xx_StdPeriph_Driver\src\stm32f4xx_sdio.c
[old name] stm32f4xx_spi.c            [type] 1   [path] ..\Drivers\STM32F4xx_StdPeriph_Driver\src\stm32f4xx_spi.c
[old name] stm32f4xx_syscfg.c         [type] 1   [path] ..\Drivers\STM32F4xx_StdPeriph_Driver\src\stm32f4xx_syscfg.c
[old name] stm32f4xx_tim.c            [type] 1   [path] ..\Drivers\STM32F4xx_StdPeriph_Driver\src\stm32f4xx_tim.c
[old name] stm32f4xx_usart.c          [type] 1   [path] ..\Drivers\STM32F4xx_StdPeriph_Driver\src\stm32f4xx_usart.c
[old name] stm32f4xx_wwdg.c           [type] 1   [path] ..\Drivers\STM32F4xx_StdPeriph_Driver\src\stm32f4xx_wwdg.c
[old name] elog_port.c                [type] 1   [path] ..\Middlewares\easylogger\port\elog_port.c
[old name] elog.c                     [type] 1   [path] ..\Middlewares\easylogger\src\elog.c
[old name] elog_async.c               [type] 1   [path] ..\Middlewares\easylogger\src\elog_async.c
[old name] elog_buf.c                 [type] 1   [path] ..\Middlewares\easylogger\src\elog_buf.c
[old name] elog_utils.c               [type] 1   [path] ..\Middlewares\easylogger\src\elog_utils.c
[old name] Debug.c                    [type] 1   [path] ..\Tasks\Debug\Debug.c
[old name] SEGGER_RTT.c               [type] 1   [path] ..\Middlewares\Rtt\SEGGER_RTT.c
[old name] SEGGER_RTT_printf.c        [type] 1   [path] ..\Middlewares\Rtt\SEGGER_RTT_printf.c
[old name] Boot_Manager.c             [type] 1   [path] ..\Tasks\Boot_Manager\Boot_Manager.c
[old name] ymodem.c                   [type] 1   [path] ..\Middlewares\Ymodem\ymodem.c
[old name] common.c                   [type] 1   [path] ..\Middlewares\Ymodem\common.c
[old name] AES.c                      [type] 1   [path] ..\Middlewares\AES\AES.c
[old name] w25qxx.c                   [type] 1   [path] ..\Bsp\W25Qxx\w25qxx.c
[old name] w25qxx_Handler.c           [type] 1   [path] ..\Bsp\W25Qxx\w25qxx_Handler.c
[old name] keros_interface.c          [type] 1   [path] ..\Bsp\Keros\keros_interface.c
[old name] keros_i2c_interface.c      [type] 1   [path] ..\Bsp\Keros\keros_i2c_interface.c
[old name] keros_main.c               [type] 1   [path] ..\Bsp\Keros\keros_main.c
[old name] keros_aes_manager.c        [type] 1   [path] ..\Bsp\Keros\keros_aes_manager.c

[record region info]
[load region] LR_IROM1
	[execution region] ER_IROM1, 0x08000000, 0x00080000, 0x00007B28 [type] 2 [ID] 3
	[execution region] RW_IRAM1, 0x20000000, 0x0001FFF0, 0x00005A58 [type] 1 [ID] 2
	[execution region] MYRAM, 0x2001FFF0, 0x0000000F, 0x00000004 [type] 1 [ID] 2
-------------------------------------------------------------------------------------------------------------------------------
                                 FILE(s)                                |         RAM (byte)       |       FLASH (byte)       |
-------------------------------------------------------------------------------------------------------------------------------
..\Middlewares\AES\AES.c():                                             |         256              |        1566              |
..\Tasks\Boot_Manager\Boot_Manager.c():                                 |        8288              |        3461              |
..\Middlewares\Ymodem\common.c():                                       |           0              |         312              |
..\Tasks\Debug\Debug.c():                                               |           0              |          44              |
..\Middlewares\easylogger\src\elog.c():                                 |         384              |        1459              |
..\Middlewares\easylogger\port\elog_port.c():                           |           0              |          32              |
..\Middlewares\easylogger\src\elog_utils.c():                           |           0              |          40              |
..\Core\Src\Flash.c():                                                  |           0              |         386              |
..\Core\Src\Gpio.c():                                                   |           0              |         144              |
..\Core\Src\Iwdg.c():                                                   |           0              |          36              |
..\Bsp\Keros\keros_aes_manager.c():                                     |          49              |        1105              |
..\Bsp\Keros\keros_i2c_interface.c():                                   |           0              |         870              |
..\Bsp\Keros\keros_interface.c():                                       |           0              |         132              |
..\Core\Src\main.c():                                                   |          20              |         332              |
..\Drivers\STM32F4xx_StdPeriph_Driver\src\misc.c():                     |           0              |          20              |
..\Middlewares\Rtt\SEGGER_RTT.c():                                      |        1208              |         587              |
..\Middlewares\Rtt\SEGGER_RTT_printf.c():                               |           0              |        1134              |
..\Core\Src\Spi.c():                                                    |           0              |         640              |
.\startup_stm32f411xe.s():                                              |        2560              |         472              |
..\Drivers\STM32F4xx_StdPeriph_Driver\src\stm32f4xx_flash.c():          |           0              |         390              |
..\Drivers\STM32F4xx_StdPeriph_Driver\src\stm32f4xx_gpio.c():           |           0              |         250              |
..\Core\Src\stm32f4xx_it.c():                                           |           4              |          84              |
..\Drivers\STM32F4xx_StdPeriph_Driver\src\stm32f4xx_iwdg.c():           |           0              |          68              |
..\Drivers\STM32F4xx_StdPeriph_Driver\src\stm32f4xx_rcc.c():            |          16              |         448              |
..\Drivers\STM32F4xx_StdPeriph_Driver\src\stm32f4xx_spi.c():            |           0              |         118              |
..\Drivers\STM32F4xx_StdPeriph_Driver\src\stm32f4xx_tim.c():            |           0              |          40              |
..\Drivers\STM32F4xx_StdPeriph_Driver\src\stm32f4xx_usart.c():          |           0              |         270              |
..\Core\Src\system_stm32f4xx.c():                                       |          20              |         524              |
..\Core\Src\tim.c():                                                    |           6              |         162              |
..\Core\Src\Usart.c():                                                  |           0              |         202              |
..\Bsp\W25Qxx\w25qxx.c():                                               |          28              |         864              |
..\Bsp\W25Qxx\w25qxx_Handler.c():                                       |        8260              |        1332              |
..\Middlewares\Ymodem\ymodem.c():                                       |        1341              |         960              |
-------------------------------------------------------------------------------------------------------------------------------
[memory print mode]: 0
LR_IROM1
        RAM 1             [0x20000000 | 0x00020000 (131072)]
                [zi start] 1   [zi end] 8
                RW_IRAM1  [0x20000000]|ˇöˇőˇőˇőˇőˇőˇőˇő__________________________________________| (  22.5 KB / 127.9 KB )  17.6%  
                [zi start] 0   [zi end] 13
                MYRAM     [0x2001FFF0]|ˇőˇőˇőˇőˇőˇőˇőˇőˇőˇőˇőˇőˇő_____________________________________| (        4 /       15 )  26.7%  
 
        FLASH 1           [0x08000000 | 0x00080000 (524288)]
                ER_IROM1  [0x08000000]|ˇöˇöˇö_______________________________________________| (  30.7 KB / 512.0 KB )   6.0%  
 
[htm file path] E:\01_LX\06_ec_s100_watch\ec_s100_watch1\03_Firmware\00_Bootloader\MDK-ARM\Objects\Bootloader.htm
Maximum Stack Usage =        688 bytes + Unknown(Functions without stacksize, Cycles, Untraceable Function Pointers)
 
=============================================================================================================================

run time: 0.097 s
